<?xml version="1.0" encoding="UTF-8"?>
<!-- Generated by org.testng.reporters.JUnitReportReporter -->
<testsuite hostname="FCU-NBK819" failures="0" tests="1" name="SeleniumTest.Test2" time="0.051" errors="0" timestamp="2022-11-14T08:38:27 MEZ" skipped="0">
  <testcase classname="SeleniumTest.Test2" name="testRadioButton" time="0.051"/>
  <system-out/>
</testsuite> <!-- SeleniumTest.Test2 -->
