<?xml version="1.0" encoding="UTF-8"?>
<!-- Generated by org.testng.reporters.JUnitReportReporter -->
<testsuite hostname="FCU-NBK819" failures="0" tests="3" name="RechnerTest.TaschenRechnerTest" time="0.006" errors="0" timestamp="2022-11-02T08:14:49 MEZ" skipped="0">
  <testcase classname="RechnerTest.TaschenRechnerTest" name="taschenRecnerFalse" time="0.005"/>
  <system-out/>
  <testcase classname="RechnerTest.TaschenRechnerTest" name="taschenRechnerTrue" time="0.001"/>
  <system-out/>
  <testcase classname="RechnerTest.TaschenRechnerTest" name="recnhterSumme" time="0.000"/>
  <system-out/>
</testsuite> <!-- RechnerTest.TaschenRechnerTest -->
