<?xml version="1.0" encoding="UTF-8"?>
<!-- Generated by org.testng.reporters.JUnitReportReporter -->
<testsuite hostname="FCU-NBK819" failures="0" tests="2" name="SeleniumTest.Test7" time="5.051" errors="0" timestamp="2022-11-02T15:32:18 MEZ" skipped="0">
  <testcase classname="SeleniumTest.Test7" name="list2" time="4.840"/>
  <system-out/>
  <testcase classname="SeleniumTest.Test7" name="list" time="0.211"/>
  <system-out/>
</testsuite> <!-- SeleniumTest.Test7 -->
