<?xml version="1.0" encoding="UTF-8"?>
<!-- Generated by org.testng.reporters.JUnitReportReporter -->
<testsuite hostname="FCU-NBK819" failures="0" tests="1" name="SeleniumTest.Test4Dropdown" time="0.049" errors="0" timestamp="2022-11-14T08:38:27 MEZ" skipped="0">
  <testcase classname="SeleniumTest.Test4Dropdown" name="dropdown" time="0.049"/>
  <system-out/>
</testsuite> <!-- SeleniumTest.Test4Dropdown -->
