<?xml version="1.0" encoding="UTF-8"?>
<!-- Generated by org.testng.reporters.JUnitReportReporter -->
<testsuite hostname="FCU-NBK819" failures="0" tests="2" name="SeleniumTest.Test5Options" time="0.844" errors="0" timestamp="2022-11-14T08:38:27 MEZ" skipped="0">
  <testcase classname="SeleniumTest.Test5Options" name="sprachTuerkisch" time="0.271"/>
  <system-out/>
  <testcase classname="SeleniumTest.Test5Options" name="options" time="0.573"/>
  <system-out/>
</testsuite> <!-- SeleniumTest.Test5Options -->
