<?xml version="1.0" encoding="UTF-8"?>
<!-- Generated by org.testng.reporters.JUnitReportReporter -->
<testsuite hostname="FCU-NBK819" failures="0" tests="4" name="RechnerTest.MehrereDatenMitDataProvider" time="0.007" errors="0" timestamp="2022-11-02T08:14:56 MEZ" skipped="0">
  <testcase classname="RechnerTest.MehrereDatenMitDataProvider" name="summeTest" time="0.001"/>
  <system-out/>
  <testcase classname="RechnerTest.MehrereDatenMitDataProvider" name="summeTest" time="0.004"/>
  <system-out/>
  <testcase classname="RechnerTest.MehrereDatenMitDataProvider" name="summeTest" time="0.001"/>
  <system-out/>
  <testcase classname="RechnerTest.MehrereDatenMitDataProvider" name="summeTest" time="0.001"/>
  <system-out/>
</testsuite> <!-- RechnerTest.MehrereDatenMitDataProvider -->
