<?xml version="1.0" encoding="UTF-8"?>
<!-- Generated by org.testng.reporters.JUnitReportReporter -->
<testsuite hostname="FCU-NBK819" failures="0" tests="1" name="SeleniumTest.Test3" time="0.044" errors="0" timestamp="2022-11-14T08:38:27 MEZ" skipped="0">
  <testcase classname="SeleniumTest.Test3" name="selectTest" time="0.044"/>
  <system-out/>
</testsuite> <!-- SeleniumTest.Test3 -->
