<?xml version="1.0" encoding="UTF-8"?>
<!-- Generated by org.testng.reporters.JUnitReportReporter -->
<testsuite hostname="FCU-NBK819" failures="0" tests="1" name="SeleniumTest.ScrolllenJava" time="5.473" errors="0" timestamp="2022-11-14T08:38:27 MEZ" skipped="0">
  <testcase classname="SeleniumTest.ScrolllenJava" name="scrollTest" time="5.473"/>
  <system-out/>
</testsuite> <!-- SeleniumTest.ScrolllenJava -->
