<?xml version="1.0" encoding="UTF-8"?>
<!-- Generated by org.testng.reporters.JUnitReportReporter -->
<testsuite hostname="FCU-NBK819" failures="0" tests="1" name="SeleniumTest.Test8" time="3.131" errors="0" timestamp="2022-11-04T12:43:36 MEZ" skipped="0">
  <testcase classname="SeleniumTest.Test8" name="test3" time="3.131"/>
  <system-out/>
</testsuite> <!-- SeleniumTest.Test8 -->
