<?xml version="1.0" encoding="UTF-8"?>
<!-- Generated by org.testng.reporters.JUnitReportReporter -->
<testsuite hostname="FCU-NBK819" failures="0" tests="1" name="SeleniumTest.Test6Navigate" time="3.606" errors="0" timestamp="2022-11-02T13:28:42 MEZ" skipped="0">
  <testcase classname="SeleniumTest.Test6Navigate" name="navigate" time="3.606"/>
  <system-out/>
</testsuite> <!-- SeleniumTest.Test6Navigate -->
