<?xml version="1.0" encoding="UTF-8"?>
<!-- Generated by org.testng.reporters.JUnitReportReporter -->
<testsuite skipped="0" hostname="FCU-NBK819" name="SeleniumTest.Test2" tests="1" failures="0" timestamp="2022-11-28T14:06:21 MEZ" time="0.062" errors="0">
  <testcase name="testRadioButton" time="0.062" classname="SeleniumTest.Test2"/>
  <system-out/>
</testsuite> <!-- SeleniumTest.Test2 -->
