<?xml version="1.0" encoding="UTF-8"?>
<!-- Generated by org.testng.reporters.JUnitReportReporter -->
<testsuite skipped="0" hostname="FCU-NBK819" name="SeleniumTest.ScrolllenJava" tests="1" failures="0" timestamp="2022-11-28T13:25:49 MEZ" time="5.539" errors="0">
  <testcase name="scrollTest" time="5.539" classname="SeleniumTest.ScrolllenJava"/>
  <system-out/>
</testsuite> <!-- SeleniumTest.ScrolllenJava -->
